<?xml version="1.0" encoding="UTF-8"?>
<!-- Generated by org.testng.reporters.JUnitXMLReporter -->
<testsuite ignored="0" hostname="mia" failures="0" tests="3" name="Default test" time="23.503" errors="0" timestamp="2022-08-23T16:04:53 EDT">
  <testcase classname="testNgpackage.OpenWebsite" name="openingAmazonSite" time="9.952"/>
  <testcase classname="testNgpackage.OpenWebsite" name="openingCnbcSite" time="3.72"/>
  <testcase classname="testNgpackage.OpenWebsite" name="openingYahooSite" time="9.804"/>
</testsuite> <!-- Default test -->
